<?xml version="1.0" encoding="UTF-8"?>
<!-- Generated by org.testng.reporters.JUnitXMLReporter -->
<testsuite ignored="0" hostname="Ami-Rup" failures="0" tests="6" name="AccountPageTests" time="0.178" errors="0" timestamp="2023-12-20T16:37:31 EST">
  <testcase classname="com.qa.opencart.base.BaseTest" name="@BeforeTest setup" time="0.024">
    <failure type="java.lang.NullPointerException" message="Cannot invoke &amp;quot;String.toLowerCase()&amp;quot; because &amp;quot;browserName&amp;quot; is null">
      <![CDATA[java.lang.NullPointerException: Cannot invoke "String.toLowerCase()" because "browserName" is null
at com.qa.opencart.factory.DriverFactory.initDriver(DriverFactory.java:48)
at com.qa.opencart.base.BaseTest.setup(BaseTest.java:52)
at java.base/jdk.internal.reflect.DirectMethodHandleAccessor.invoke(DirectMethodHandleAccessor.java:104)
at java.base/java.lang.reflect.Method.invoke(Method.java:577)
at org.testng.internal.invokers.MethodInvocationHelper.invokeMethod(MethodInvocationHelper.java:139)
at org.testng.internal.invokers.MethodInvocationHelper.invokeMethodConsideringTimeout(MethodInvocationHelper.java:69)
at org.testng.internal.invokers.ConfigInvoker.invokeConfigurationMethod(ConfigInvoker.java:390)
at org.testng.internal.invokers.ConfigInvoker.invokeConfigurations(ConfigInvoker.java:325)
at org.testng.TestRunner.invokeTestConfigurations(TestRunner.java:663)
at org.testng.TestRunner.beforeRun(TestRunner.java:652)
at org.testng.TestRunner.run(TestRunner.java:614)
at org.testng.SuiteRunner.runTest(SuiteRunner.java:443)
at org.testng.SuiteRunner$SuiteWorker.run(SuiteRunner.java:481)
at org.testng.internal.thread.ThreadUtil.lambda$execute$0(ThreadUtil.java:58)
at java.base/java.util.concurrent.FutureTask.run(FutureTask.java:264)
at java.base/java.util.concurrent.ThreadPoolExecutor.runWorker(ThreadPoolExecutor.java:1136)
at java.base/java.util.concurrent.ThreadPoolExecutor$Worker.run(ThreadPoolExecutor.java:635)
at java.base/java.lang.Thread.run(Thread.java:833)
]]>
    </failure>
  </testcase> <!-- @BeforeTest setup -->
  <testcase classname="com.qa.opencart.tests.ProductResultPageTest" name="@BeforeClass productInfoSetUp" time="0.0">
    <skipped/>
  </testcase> <!-- @BeforeClass productInfoSetUp -->
  <testcase classname="com.qa.opencart.tests.AccountPageTests" name="accheadersCountTest" time="0.001">
    <skipped/>
  </testcase> <!-- accheadersCountTest -->
  <testcase classname="com.qa.opencart.tests.AccountPageTests" name="isLogoutLinkAvailable" time="0.0">
    <skipped/>
  </testcase> <!-- isLogoutLinkAvailable -->
  <testcase classname="com.qa.opencart.tests.AccountPageTests" name="isSearchLinkAvailable" time="0.0">
    <skipped/>
  </testcase> <!-- isSearchLinkAvailable -->
  <testcase classname="com.qa.opencart.tests.AccountPageTests" name="search" time="0.0">
    <skipped/>
  </testcase> <!-- search -->
  <testcase classname="com.qa.opencart.tests.AccountPageTests" name="verifyAccountPageTitle" time="0.001">
    <skipped/>
  </testcase> <!-- verifyAccountPageTitle -->
  <testcase classname="com.qa.opencart.tests.AccountPageTests" name="verifyAccountPageURL" time="0.0">
    <skipped/>
  </testcase> <!-- verifyAccountPageURL -->
</testsuite> <!-- AccountPageTests -->
