<?xml version="1.0" encoding="UTF-8"?>
<!-- Generated by org.testng.reporters.JUnitReportReporter -->
<testsuite hostname="Ami-Rup" failures="0" tests="7" name="com.qa.opencart.tests.AccountPageTests" time="0.026" errors="1" timestamp="2023-12-20T16:37:32 EST" skipped="6">
  <testcase classname="com.qa.opencart.tests.AccountPageTests" name="isLogoutLinkAvailable" time="0.000">
    <skipped/>
  </testcase> <!-- isLogoutLinkAvailable -->
  <testcase classname="com.qa.opencart.tests.AccountPageTests" name="accheadersCountTest" time="0.001">
    <skipped/>
  </testcase> <!-- accheadersCountTest -->
  <testcase classname="com.qa.opencart.tests.AccountPageTests" name="search" time="0.000">
    <skipped/>
  </testcase> <!-- search -->
  <testcase classname="com.qa.opencart.tests.AccountPageTests" name="setup" time="0.024">
    <error message="Cannot invoke &quot;String.toLowerCase()&quot; because &quot;browserName&quot; is null" type="java.lang.NullPointerException">
      <![CDATA[java.lang.NullPointerException: Cannot invoke "String.toLowerCase()" because "browserName" is null
at com.qa.opencart.factory.DriverFactory.initDriver(DriverFactory.java:48)
at com.qa.opencart.base.BaseTest.setup(BaseTest.java:52)
at java.base/jdk.internal.reflect.DirectMethodHandleAccessor.invoke(DirectMethodHandleAccessor.java:104)
at java.base/java.lang.reflect.Method.invoke(Method.java:577)
at org.testng.internal.invokers.MethodInvocationHelper.invokeMethod(MethodInvocationHelper.java:139)
at org.testng.internal.invokers.MethodInvocationHelper.invokeMethodConsideringTimeout(MethodInvocationHelper.java:69)
at org.testng.internal.invokers.ConfigInvoker.invokeConfigurationMethod(ConfigInvoker.java:390)
at org.testng.internal.invokers.ConfigInvoker.invokeConfigurations(ConfigInvoker.java:325)
at org.testng.TestRunner.invokeTestConfigurations(TestRunner.java:663)
at org.testng.TestRunner.beforeRun(TestRunner.java:652)
at org.testng.TestRunner.run(TestRunner.java:614)
at org.testng.SuiteRunner.runTest(SuiteRunner.java:443)
at org.testng.SuiteRunner$SuiteWorker.run(SuiteRunner.java:481)
at org.testng.internal.thread.ThreadUtil.lambda$execute$0(ThreadUtil.java:58)
at java.base/java.util.concurrent.FutureTask.run(FutureTask.java:264)
at java.base/java.util.concurrent.ThreadPoolExecutor.runWorker(ThreadPoolExecutor.java:1136)
at java.base/java.util.concurrent.ThreadPoolExecutor$Worker.run(ThreadPoolExecutor.java:635)
at java.base/java.lang.Thread.run(Thread.java:833)
]]>
    </error>
  </testcase> <!-- setup -->
  <testcase classname="com.qa.opencart.tests.AccountPageTests" name="verifyAccountPageTitle" time="0.001">
    <skipped/>
  </testcase> <!-- verifyAccountPageTitle -->
  <testcase classname="com.qa.opencart.tests.AccountPageTests" name="verifyAccountPageURL" time="0.000">
    <skipped/>
  </testcase> <!-- verifyAccountPageURL -->
  <testcase classname="com.qa.opencart.tests.AccountPageTests" name="isSearchLinkAvailable" time="0.000">
    <skipped/>
  </testcase> <!-- isSearchLinkAvailable -->
</testsuite> <!-- com.qa.opencart.tests.AccountPageTests -->
